<?xml version="1.0" encoding="UTF-8"?>
<!-- Generated by org.testng.reporters.JUnitXMLReporter -->
<testsuite hostname="LAPTOP-JSTL18QG" ignored="0" name="Google Test" tests="1" failures="1" timestamp="12 Mar 2022 07:11:40 GMT" time="7.155" errors="0">
  <testcase name="validateGoogle" time="7.118" classname="sample1.Test1">
    <failure type="java.lang.ArithmeticException" message="/ by zero">
      <![CDATA[java.lang.ArithmeticException: / by zeroat sample1.Test1.validateGoogle(Test1.java:37)... Removed 28 stack frames]]>
    </failure>
  </testcase> <!-- validateGoogle -->
</testsuite> <!-- Google Test -->
