<?xml version="1.0" encoding="UTF-8"?>
<testsuite name="TestSuite" time="12.093" tests="2" errors="0" skipped="0" failures="1">
  <properties>
[...]
</properties>
  <testcase name="validateGoogle" classname="sample1.Test1" time="7.127">
    <failure message="/ by zero" type="java.lang.ArithmeticException">java.lang.ArithmeticException: / by zero
	at sample1.Test1.validateGoogle(Test1.java:37)
</failure>
    <system-err><![CDATA[SLF4J: Failed to load class "org.slf4j.impl.StaticLoggerBinder".
SLF4J: Defaulting to no-operation (NOP) logger implementation
SLF4J: See http://www.slf4j.org/codes.html#StaticLoggerBinder for further details.
Starting ChromeDriver 99.0.4844.51 (d537ec02474b5afe23684e7963d538896c63ac77-refs/branch-heads/4844@{#875}) on port 58171
Only local connections are allowed.
Please see https://chromedriver.chromium.org/security-considerations for suggestions on keeping ChromeDriver safe.
ChromeDriver was started successfully.
Mar 12, 2022 12:41:37 PM org.openqa.selenium.remote.ProtocolHandshake createSession
INFO: Detected dialect: W3C
Mar 12, 2022 12:41:37 PM org.openqa.selenium.devtools.CdpVersionFinder findNearestMatch
WARNING: Unable to find an exact match for CDP version 99, so returning the closest version found: 96
Mar 12, 2022 12:41:37 PM org.openqa.selenium.devtools.CdpVersionFinder findNearestMatch
INFO: Found CDP implementation for version 99 of 96
]]></system-err>
  </testcase>
  <testcase name="validateGoogle" classname="sample2.Test2" time="4.966"/>
</testsuite>