<?xml version="1.0" encoding="UTF-8"?>
<testng-results skipped="0" failed="0" total="2" passed="2">
  <reporter-output>
  </reporter-output>
  <suite name="Suite" duration-ms="12624" started-at="2022-03-12T06:31:29Z" finished-at="2022-03-12T06:31:42Z">
    <groups>
    </groups>
    <test name="Google Test" duration-ms="8004" started-at="2022-03-12T06:31:29Z" finished-at="2022-03-12T06:31:37Z">
      <class name="sample1.Test1">
        <test-method status="PASS" signature="validateGoogle()[pri:0, instance:sample1.Test1@3fb6a447]" name="validateGoogle" duration-ms="7983" started-at="2022-03-12T12:01:29Z" finished-at="2022-03-12T12:01:37Z">
          <reporter-output>
          </reporter-output>
        </test-method> <!-- validateGoogle -->
      </class> <!-- sample1.Test1 -->
    </test> <!-- Google Test -->
    <test name="Bing Test" duration-ms="4608" started-at="2022-03-12T06:31:37Z" finished-at="2022-03-12T06:31:42Z">
      <class name="sample2.Test2">
        <test-method status="PASS" signature="validateGoogle()[pri:0, instance:sample2.Test2@77b52d12]" name="validateGoogle" duration-ms="4608" started-at="2022-03-12T12:01:37Z" finished-at="2022-03-12T12:01:42Z">
          <reporter-output>
          </reporter-output>
        </test-method> <!-- validateGoogle -->
      </class> <!-- sample2.Test2 -->
    </test> <!-- Bing Test -->
  </suite> <!-- Suite -->
</testng-results>
