<?xml version="1.0" encoding="UTF-8"?>
<testng-results skipped="0" failed="0" total="1" passed="1">
  <reporter-output>
  </reporter-output>
  <suite name="Default suite" duration-ms="7801" started-at="2022-03-06T05:53:25Z" finished-at="2022-03-06T05:53:33Z">
    <groups>
    </groups>
    <test name="Default test" duration-ms="7801" started-at="2022-03-06T05:53:25Z" finished-at="2022-03-06T05:53:33Z">
      <class name="sample1.Test1">
        <test-method status="PASS" signature="validateGoogle()[pri:0, instance:sample1.Test1@21bcffb5]" name="validateGoogle" duration-ms="7769" started-at="2022-03-06T11:23:26Z" finished-at="2022-03-06T11:23:33Z">
          <reporter-output>
          </reporter-output>
        </test-method> <!-- validateGoogle -->
      </class> <!-- sample1.Test1 -->
    </test> <!-- Default test -->
  </suite> <!-- Default suite -->
</testng-results>
